INFO:root:crius start args:['/home/eaizhao/crius_quickly_build/crius.py', 'SF-RP-P1S', '-g', 'asdf']
INFO:root:Args:/home/eaizhao/crius_quickly_build/crius.py, build, {'-g': ['asdf'], '-p': [], '-o': [], '-O': [], '-l': []}
INFO:root:crius start args:['/home/eaizhao/crius_quickly_build/crius.py', 'SF-RP-P1S', '-g', 'asdf']
INFO:root:Args:command-build, opts-{'-g': ['asdf'], '-p': [], '-o': [], '-O': [], '-l': []}
INFO:root:crius start args:['/home/eaizhao/crius_quickly_build/crius.py', 'SF-RP-P1S', '-g', 'asdf']
INFO:root:Args:command-build, opts-{'-g': ['asdf'], '-p': [], '-o': [], '-O': [], '-l': []}
INFO:root:crius start args:['/home/eaizhao/crius_quickly_build/crius.py', 'test', 'SF-RP-P1S', '-g', 'asdf']
INFO:root:crius start args:['/home/eaizhao/crius_quickly_build/crius.py', 'test', 'SF-RP-P1S', '-g', 'asdf']
INFO:root:Args:command-build, opts-{'-g': ['asdf'], '-p': [], '-o': [], '-O': [], '-l': [], 'default': ['SF-RP-P1S']}
INFO:root:crius start args:['/home/eaizhao/crius_quickly_build/crius.py', 'test', 'SF-RP-P1S', '-g', 'asdf']
INFO:root:Args:command-build, opts-{'-g': ['asdf'], '-p': [], '-o': [], '-O': [], '-l': [], 'default': ['SF-RP-P1S']}
INFO:root:crius start args:['/home/eaizhao/crius_quickly_build/crius.py', 'test', 'SF-RP-P1S', '-g', 'asdf']
INFO:root:Args:command-build, opts-{'-g': ['asdf'], '-p': [], '-o': [], '-O': [], '-l': [], 'default': ['SF-RP-P1S']}
INFO:root:crius start args:['/home/eaizhao/crius_quickly_build/crius.py', 'test', 'SF-RP-P1S', '-g', 'asdf']
INFO:root:Args:command-build, opts-{'-g': ['asdf'], '-p': [], '-o': [], '-O': [], '-l': [], 'default': ['SF-RP-P1S']}
INFO:root:crius start args:['/home/eaizhao/crius_quickly_build/crius.py', 'build', 'SF-RP-P1S', '-g', 'asdf']
INFO:root:Args:command-build, opts-{'-g': ['asdf'], '-p': [], '-o': [], '-O': [], '-l': [], 'default': ['SF-RP-P1S']}
INFO:root:crius start args:['/home/eaizhao/crius_quickly_build/crius.py', 'build', 'SF-RP-P1S', '-g', 'asdf']
INFO:root:Args:command-build, product-build, opts-{'-g': ['asdf'], '-p': [], '-o': [], '-O': [], '-l': [], 'default': ['SF-RP-P1S']}
INFO:root:crius start args:['/home/eaizhao/crius_quickly_build/crius.py', 'build', 'SF-RP-P1S', '-g', 'asdf']
INFO:root:Args:command-build, product-SF-RP-P1S, opts-{'-g': ['asdf'], '-p': [], '-o': [], '-O': [], '-l': [], 'default': []}
INFO:root:crius start args:['/home/eaizhao/crius_quickly_build/crius.py', 'build', 'SF-RP-Psdf', '-g', 'asdf']
INFO:root:Args:command-build, product-SF-RP-Psdf, opts-{'-g': ['asdf'], '-p': [], '-o': [], '-O': [], '-l': [], 'default': []}
